<?xml version="1.0" encoding="UTF-8"?>
<testng-results ignored="0" total="1" passed="1" failed="0" skipped="0">
  <reporter-output>
  </reporter-output>
  <suite started-at="2023-06-18T18:59:21 EDT" name="Default suite" finished-at="2023-06-18T18:59:26 EDT" duration-ms="4721">
    <groups>
    </groups>
    <test started-at="2023-06-18T18:59:21 EDT" name="Default test" finished-at="2023-06-18T18:59:26 EDT" duration-ms="4721">
      <class name="core.OpenBrowser">
        <test-method signature="openUrl()[pri:0, instance:core.OpenBrowser@1aa7ecca]" started-at="2023-06-18T18:59:21 EDT" name="openUrl" finished-at="2023-06-18T18:59:26 EDT" duration-ms="4671" status="PASS">
          <reporter-output>
          </reporter-output>
        </test-method> <!-- openUrl -->
      </class> <!-- core.OpenBrowser -->
    </test> <!-- Default test -->
  </suite> <!-- Default suite -->
</testng-results>
